  ▲ Next.js 14.2.28
  - Environments: .env
  - Experiments (use with caution):
    · outputFileTracingRoot

   Creating an optimized production build ...
 ✓ Compiled successfully
   Skipping linting
   Checking validity of types ...
   Collecting page data ...
   Generating static pages (0/8) ...
   Generating static pages (2/8) 
   Generating static pages (4/8) 
   Generating static pages (6/8) 
 ✓ Generating static pages (8/8)
   Finalizing page optimization ...
   Collecting build traces ...

Route (app)                              Size     First Load JS
┌ ○ /                                    2.75 kB         160 kB
├ ○ /_not-found                          873 B            88 kB
├ ○ /about                               589 B           149 kB
├ ○ /contact                             294 B          96.1 kB
├ ○ /privacy                             912 B            88 kB
└ ○ /work                                2.02 kB         157 kB
+ First Load JS shared by all            87.1 kB
  ├ chunks/117-7cca362a5d8624e9.js       31.6 kB
  ├ chunks/fd9d1056-6922f449a204c2cc.js  53.6 kB
  └ other shared chunks (total)          1.89 kB


○  (Static)  prerendered as static content

